Determining if the pthread_create exist failed with the following output:
Change Dir: /home/rcv-exp/workspace/SLAM/mono_vo/mono_vo_qt/build/CMakeFiles/CMakeTmp

Run Build Command:"/usr/bin/make" "cmTC_06ac3/fast"
/usr/bin/make -f CMakeFiles/cmTC_06ac3.dir/build.make CMakeFiles/cmTC_06ac3.dir/build
make[1]: Entering directory `/home/rcv-exp/workspace/SLAM/mono_vo/mono_vo_qt/build/CMakeFiles/CMakeTmp'
Building C object CMakeFiles/cmTC_06ac3.dir/CheckSymbolExists.c.o
/usr/bin/cc   -fPIC    -o CMakeFiles/cmTC_06ac3.dir/CheckSymbolExists.c.o   -c /home/rcv-exp/workspace/SLAM/mono_vo/mono_vo_qt/build/CMakeFiles/CMakeTmp/CheckSymbolExists.c
Linking C executable cmTC_06ac3
/usr/local/bin/cmake -E cmake_link_script CMakeFiles/cmTC_06ac3.dir/link.txt --verbose=1
/usr/bin/cc -fPIC     -rdynamic CMakeFiles/cmTC_06ac3.dir/CheckSymbolExists.c.o  -o cmTC_06ac3 
CMakeFiles/cmTC_06ac3.dir/CheckSymbolExists.c.o: In function `main':
CheckSymbolExists.c:(.text+0x1b): undefined reference to `pthread_create'
collect2: error: ld returned 1 exit status
make[1]: *** [cmTC_06ac3] 오류 1
make[1]: Leaving directory `/home/rcv-exp/workspace/SLAM/mono_vo/mono_vo_qt/build/CMakeFiles/CMakeTmp'
make: *** [cmTC_06ac3/fast] 오류 2

File /home/rcv-exp/workspace/SLAM/mono_vo/mono_vo_qt/build/CMakeFiles/CMakeTmp/CheckSymbolExists.c:
/* */
#include <pthread.h>

int main(int argc, char** argv)
{
  (void)argv;
#ifndef pthread_create
  return ((int*)(&pthread_create))[argc];
#else
  (void)argc;
  return 0;
#endif
}

Determining if the function pthread_create exists in the pthreads failed with the following output:
Change Dir: /home/rcv-exp/workspace/SLAM/mono_vo/mono_vo_qt/build/CMakeFiles/CMakeTmp

Run Build Command:"/usr/bin/make" "cmTC_05485/fast"
/usr/bin/make -f CMakeFiles/cmTC_05485.dir/build.make CMakeFiles/cmTC_05485.dir/build
make[1]: Entering directory `/home/rcv-exp/workspace/SLAM/mono_vo/mono_vo_qt/build/CMakeFiles/CMakeTmp'
Building C object CMakeFiles/cmTC_05485.dir/CheckFunctionExists.c.o
/usr/bin/cc   -fPIC -DCHECK_FUNCTION_EXISTS=pthread_create   -o CMakeFiles/cmTC_05485.dir/CheckFunctionExists.c.o   -c /usr/local/share/cmake-3.10/Modules/CheckFunctionExists.c
Linking C executable cmTC_05485
/usr/local/bin/cmake -E cmake_link_script CMakeFiles/cmTC_05485.dir/link.txt --verbose=1
/usr/bin/cc -fPIC -DCHECK_FUNCTION_EXISTS=pthread_create    -rdynamic CMakeFiles/cmTC_05485.dir/CheckFunctionExists.c.o  -o cmTC_05485 -lpthreads 
/usr/bin/ld: cannot find -lpthreads
collect2: error: ld returned 1 exit status
make[1]: *** [cmTC_05485] 오류 1
make[1]: Leaving directory `/home/rcv-exp/workspace/SLAM/mono_vo/mono_vo_qt/build/CMakeFiles/CMakeTmp'
make: *** [cmTC_05485/fast] 오류 2


Determining if the pthread_create exist failed with the following output:
Change Dir: /media/sf_VirtualBox_share0/mono_vo_qt/build/CMakeFiles/CMakeTmp

Run Build Command:"/usr/bin/make" "cmTC_01388/fast"
/usr/bin/make -f CMakeFiles/cmTC_01388.dir/build.make CMakeFiles/cmTC_01388.dir/build
make[1]: 디렉터리 '/media/sf_VirtualBox_share0/mono_vo_qt/build/CMakeFiles/CMakeTmp' 들어감
Building C object CMakeFiles/cmTC_01388.dir/CheckSymbolExists.c.o
/usr/bin/cc     -o CMakeFiles/cmTC_01388.dir/CheckSymbolExists.c.o   -c /media/sf_VirtualBox_share0/mono_vo_qt/build/CMakeFiles/CMakeTmp/CheckSymbolExists.c
Linking C executable cmTC_01388
/usr/bin/cmake -E cmake_link_script CMakeFiles/cmTC_01388.dir/link.txt --verbose=1
/usr/bin/cc       CMakeFiles/cmTC_01388.dir/CheckSymbolExists.c.o  -o cmTC_01388 -rdynamic 
CMakeFiles/cmTC_01388.dir/CheckSymbolExists.c.o: In function `main':
CheckSymbolExists.c:(.text+0x16): undefined reference to `pthread_create'
collect2: error: ld returned 1 exit status
CMakeFiles/cmTC_01388.dir/build.make:97: 'cmTC_01388' 타겟에 대한 명령이 실패했습니다
make[1]: *** [cmTC_01388] 오류 1
make[1]: 디렉터리 '/media/sf_VirtualBox_share0/mono_vo_qt/build/CMakeFiles/CMakeTmp' 나감
Makefile:126: 'cmTC_01388/fast' 타겟에 대한 명령이 실패했습니다
make: *** [cmTC_01388/fast] 오류 2

File /media/sf_VirtualBox_share0/mono_vo_qt/build/CMakeFiles/CMakeTmp/CheckSymbolExists.c:
/* */
#include <pthread.h>

int main(int argc, char** argv)
{
  (void)argv;
#ifndef pthread_create
  return ((int*)(&pthread_create))[argc];
#else
  (void)argc;
  return 0;
#endif
}

Determining if the function pthread_create exists in the pthreads failed with the following output:
Change Dir: /media/sf_VirtualBox_share0/mono_vo_qt/build/CMakeFiles/CMakeTmp

Run Build Command:"/usr/bin/make" "cmTC_1ad71/fast"
/usr/bin/make -f CMakeFiles/cmTC_1ad71.dir/build.make CMakeFiles/cmTC_1ad71.dir/build
make[1]: 디렉터리 '/media/sf_VirtualBox_share0/mono_vo_qt/build/CMakeFiles/CMakeTmp' 들어감
Building C object CMakeFiles/cmTC_1ad71.dir/CheckFunctionExists.c.o
/usr/bin/cc    -DCHECK_FUNCTION_EXISTS=pthread_create   -o CMakeFiles/cmTC_1ad71.dir/CheckFunctionExists.c.o   -c /usr/share/cmake-3.5/Modules/CheckFunctionExists.c
Linking C executable cmTC_1ad71
/usr/bin/cmake -E cmake_link_script CMakeFiles/cmTC_1ad71.dir/link.txt --verbose=1
/usr/bin/cc   -DCHECK_FUNCTION_EXISTS=pthread_create    CMakeFiles/cmTC_1ad71.dir/CheckFunctionExists.c.o  -o cmTC_1ad71 -rdynamic -lpthreads 
/usr/bin/ld: cannot find -lpthreads
collect2: error: ld returned 1 exit status
CMakeFiles/cmTC_1ad71.dir/build.make:97: 'cmTC_1ad71' 타겟에 대한 명령이 실패했습니다
make[1]: *** [cmTC_1ad71] 오류 1
make[1]: 디렉터리 '/media/sf_VirtualBox_share0/mono_vo_qt/build/CMakeFiles/CMakeTmp' 나감
Makefile:126: 'cmTC_1ad71/fast' 타겟에 대한 명령이 실패했습니다
make: *** [cmTC_1ad71/fast] 오류 2


